This is pdfTeX, Version 3.141592653-2.6-1.40.24 (TeX Live 2022) (preloaded format=pdflatex 2022.7.6)  28 MAR 2024 02:35
entering extended mode
 restricted \write18 enabled.
 file:line:error style messages enabled.
 %&-line parsing enabled.
**/Users/barouki/Downloads/PV/main.tex
(/Users/barouki/Downloads/PV/main.tex
LaTeX2e <2021-11-15> patch level 1
L3 programming layer <2022-02-24> (/usr/local/texlive/2022/texmf-dist/tex/latex/base/report.cls
Document Class: report 2021/10/04 v1.4n Standard LaTeX document class
(/usr/local/texlive/2022/texmf-dist/tex/latex/base/size10.clo
File: size10.clo 2021/10/04 v1.4n Standard LaTeX file (size option)
)
\c@part=\count185
\c@chapter=\count186
\c@section=\count187
\c@subsection=\count188
\c@subsubsection=\count189
\c@paragraph=\count190
\c@subparagraph=\count191
\c@figure=\count192
\c@table=\count193
\abovecaptionskip=\skip47
\belowcaptionskip=\skip48
\bibindent=\dimen138
) (/usr/local/texlive/2022/texmf-dist/tex/latex/base/inputenc.sty
Package: inputenc 2021/02/14 v1.3d Input encoding file
\inpenc@prehook=\toks16
\inpenc@posthook=\toks17
) (/usr/local/texlive/2022/texmf-dist/tex/latex/graphics/graphicx.sty
Package: graphicx 2021/09/16 v1.2d Enhanced LaTeX Graphics (DPC,SPQR)
 (/usr/local/texlive/2022/texmf-dist/tex/latex/graphics/keyval.sty
Package: keyval 2014/10/28 v1.15 key=value parser (DPC)
\KV@toks@=\toks18
) (/usr/local/texlive/2022/texmf-dist/tex/latex/graphics/graphics.sty
Package: graphics 2021/03/04 v1.4d Standard LaTeX Graphics (DPC,SPQR)
 (/usr/local/texlive/2022/texmf-dist/tex/latex/graphics/trig.sty
Package: trig 2021/08/11 v1.11 sin cos tan (DPC)
) (/usr/local/texlive/2022/texmf-dist/tex/latex/graphics-cfg/graphics.cfg
File: graphics.cfg 2016/06/04 v1.11 sample graphics configuration
)
Package graphics Info: Driver file: pdftex.def on input line 107.
 (/usr/local/texlive/2022/texmf-dist/tex/latex/graphics-def/pdftex.def
File: pdftex.def 2020/10/05 v1.2a Graphics/color driver for pdftex
))
\Gin@req@height=\dimen139
\Gin@req@width=\dimen140
) (/usr/local/texlive/2022/texmf-dist/tex/latex/subfig/subfig.sty
Package: subfig 2005/06/28 ver: 1.3 subfig package
 (/usr/local/texlive/2022/texmf-dist/tex/latex/caption/caption.sty
Package: caption 2022/03/01 v3.6b Customizing captions (AR)
 (/usr/local/texlive/2022/texmf-dist/tex/latex/caption/caption3.sty
Package: caption3 2022/03/17 v2.3b caption3 kernel (AR)
\caption@tempdima=\dimen141
\captionmargin=\dimen142
\caption@leftmargin=\dimen143
\caption@rightmargin=\dimen144
\caption@width=\dimen145
\caption@indent=\dimen146
\caption@parindent=\dimen147
\caption@hangindent=\dimen148
Package caption Info: Standard document class detected.
)
\c@caption@flags=\count194
\c@continuedfloat=\count195
)
\c@KVtest=\count196
\sf@farskip=\skip49
\sf@captopadj=\dimen149
\sf@capskip=\skip50
\sf@nearskip=\skip51
\c@subfigure=\count197
\c@subfigure@save=\count198
\c@lofdepth=\count199
\c@subtable=\count266
\c@subtable@save=\count267
\c@lotdepth=\count268
\sf@top=\skip52
\sf@bottom=\skip53
) (/usr/local/texlive/2022/texmf-dist/tex/latex/algorithms/algorithm.sty
Package: algorithm 2009/08/24 v0.1 Document Style `algorithm' - floating environment
 (/usr/local/texlive/2022/texmf-dist/tex/latex/float/float.sty
Package: float 2001/11/08 v1.3d Float enhancements (AL)
\c@float@type=\count269
\float@exts=\toks19
\float@box=\box50
\@float@everytoks=\toks20
\@floatcapt=\box51
) (/usr/local/texlive/2022/texmf-dist/tex/latex/base/ifthen.sty
Package: ifthen 2020/11/24 v1.1c Standard LaTeX ifthen package (DPC)
)
\@float@every@algorithm=\toks21
\c@algorithm=\count270
) (/usr/local/texlive/2022/texmf-dist/tex/latex/algorithmicx/algpseudocode.sty
Package: algpseudocode 
 (/usr/local/texlive/2022/texmf-dist/tex/latex/algorithmicx/algorithmicx.sty
Package: algorithmicx 2005/04/27 v1.2 Algorithmicx

Document Style algorithmicx 1.2 - a greatly improved `algorithmic' style
\c@ALG@line=\count271
\c@ALG@rem=\count272
\c@ALG@nested=\count273
\ALG@tlm=\skip54
\ALG@thistlm=\skip55
\c@ALG@Lnr=\count274
\c@ALG@blocknr=\count275
\c@ALG@storecount=\count276
\c@ALG@tmpcounter=\count277
\ALG@tmplength=\skip56
)
Document Style - pseudocode environments for use with the `algorithmicx' style
) (/usr/local/texlive/2022/texmf-dist/tex/latex/pdfpages/pdfpages.sty
Package: pdfpages 2022/01/29 v0.5u Insert pages of external PDF documents (AM)
 (/usr/local/texlive/2022/texmf-dist/tex/latex/tools/calc.sty
Package: calc 2017/05/25 v4.3 Infix arithmetic (KKT,FJ)
\calc@Acount=\count278
\calc@Bcount=\count279
\calc@Adimen=\dimen150
\calc@Bdimen=\dimen151
\calc@Askip=\skip57
\calc@Bskip=\skip58
LaTeX Info: Redefining \setlength on input line 80.
LaTeX Info: Redefining \addtolength on input line 81.
\calc@Ccount=\count280
\calc@Cskip=\skip59
) (/usr/local/texlive/2022/texmf-dist/tex/latex/eso-pic/eso-pic.sty
Package: eso-pic 2020/10/14 v3.0a eso-pic (RN)
\ESO@tempdima=\dimen152
\ESO@tempdimb=\dimen153
 (/usr/local/texlive/2022/texmf-dist/tex/latex/xcolor/xcolor.sty
Package: xcolor 2021/10/31 v2.13 LaTeX color extensions (UK)
 (/usr/local/texlive/2022/texmf-dist/tex/latex/graphics-cfg/color.cfg
File: color.cfg 2016/01/02 v1.6 sample color configuration
)
Package xcolor Info: Driver file: pdftex.def on input line 227.
Package xcolor Info: Model `cmy' substituted by `cmy0' on input line 1352.
Package xcolor Info: Model `hsb' substituted by `rgb' on input line 1356.
Package xcolor Info: Model `RGB' extended on input line 1368.
Package xcolor Info: Model `HTML' substituted by `rgb' on input line 1370.
Package xcolor Info: Model `Hsb' substituted by `hsb' on input line 1371.
Package xcolor Info: Model `tHsb' substituted by `hsb' on input line 1372.
Package xcolor Info: Model `HSB' substituted by `hsb' on input line 1373.
Package xcolor Info: Model `Gray' substituted by `gray' on input line 1374.
Package xcolor Info: Model `wave' substituted by `hsb' on input line 1375.
))
\AM@pagewidth=\dimen154
\AM@pageheight=\dimen155
\AM@fboxrule=\dimen156
 (/usr/local/texlive/2022/texmf-dist/tex/latex/pdfpages/pppdftex.def
File: pppdftex.def 2022/01/29 v0.5u Pdfpages driver for pdfTeX (AM)
)
\pdfpages@includegraphics@status=\count281
\AM@pagebox=\box52
\AM@global@opts=\toks22
\AM@pagecnt=\count282
\AM@toc@title=\toks23
\c@AM@survey=\count283
\AM@templatesizebox=\box53
) (/usr/local/texlive/2022/texmf-dist/tex/latex/l3backend/l3backend-pdftex.def
File: l3backend-pdftex.def 2022-02-07 L3 backend support: PDF output (pdfTeX)
\l__color_backend_stack_int=\count284
\l__pdf_internal_box=\box54
) (./main.aux)
\openout1 = `main.aux'.

LaTeX Font Info:    Checking defaults for OML/cmm/m/it on input line 13.
LaTeX Font Info:    ... okay on input line 13.
LaTeX Font Info:    Checking defaults for OMS/cmsy/m/n on input line 13.
LaTeX Font Info:    ... okay on input line 13.
LaTeX Font Info:    Checking defaults for OT1/cmr/m/n on input line 13.
LaTeX Font Info:    ... okay on input line 13.
LaTeX Font Info:    Checking defaults for T1/cmr/m/n on input line 13.
LaTeX Font Info:    ... okay on input line 13.
LaTeX Font Info:    Checking defaults for TS1/cmr/m/n on input line 13.
LaTeX Font Info:    ... okay on input line 13.
LaTeX Font Info:    Checking defaults for OMX/cmex/m/n on input line 13.
LaTeX Font Info:    ... okay on input line 13.
LaTeX Font Info:    Checking defaults for U/cmr/m/n on input line 13.
LaTeX Font Info:    ... okay on input line 13.
 (/usr/local/texlive/2022/texmf-dist/tex/context/base/mkii/supp-pdf.mkii
[Loading MPS to PDF converter (version 2006.09.02).]
\scratchcounter=\count285
\scratchdimen=\dimen157
\scratchbox=\box55
\nofMPsegments=\count286
\nofMParguments=\count287
\everyMPshowfont=\toks24
\MPscratchCnt=\count288
\MPscratchDim=\dimen158
\MPnumerator=\count289
\makeMPintoPDFobject=\count290
\everyMPtoPDFconversion=\toks25
) (/usr/local/texlive/2022/texmf-dist/tex/latex/epstopdf-pkg/epstopdf-base.sty
Package: epstopdf-base 2020-01-24 v2.11 Base part for package epstopdf
Package epstopdf-base Info: Redefining graphics rule for `.eps' on input line 485.
 (/usr/local/texlive/2022/texmf-dist/tex/latex/latexconfig/epstopdf-sys.cfg
File: epstopdf-sys.cfg 2010/07/13 v1.3 Configuration of (r)epstopdf for TeX Live
))
Package caption Info: Begin \AtBeginDocument code.
Package caption Info: subfig package v1.3 is loaded.
Package caption Info: float package is loaded.
Package caption Info: End \AtBeginDocument code.
 (/usr/local/texlive/2022/texmf-dist/tex/latex/pdflscape/pdflscape.sty
Package: pdflscape 2019/12/05 v0.12 Display of landscape pages in PDF (HO)
 (/usr/local/texlive/2022/texmf-dist/tex/generic/iftex/iftex.sty
Package: iftex 2022/02/03 v1.0f TeX engine tests
) (/usr/local/texlive/2022/texmf-dist/tex/latex/graphics/lscape.sty
Package: lscape 2020/05/28 v3.02 Landscape Pages (DPC)
)
Package pdflscape Info: Auto-detected driver: pdftex on input line 81.
)

Package pdfpages Warning: Option `page' is unknow to \includepdf.
(pdfpages)                Did you mean `pages'? (Note the `s'!)
(pdfpages)                OK, I'll proceed as if it were `pages'.

<./images/capa_dissertacao.pdf, id=1, 597.50829pt x 845.0471pt>
File: ./images/capa_dissertacao.pdf Graphic file (type pdf)
<use ./images/capa_dissertacao.pdf>
Package pdftex.def Info: ./images/capa_dissertacao.pdf  used on input line 14.
(pdftex.def)             Requested size: 597.50682pt x 845.04504pt.
File: ./images/capa_dissertacao.pdf Graphic file (type pdf)
<use ./images/capa_dissertacao.pdf>
Package pdftex.def Info: ./images/capa_dissertacao.pdf  used on input line 14.
(pdftex.def)             Requested size: 597.50682pt x 845.04504pt.
<./images/capa_dissertacao.pdf, id=4, page=1, 597.50829pt x 845.0471pt>
File: ./images/capa_dissertacao.pdf Graphic file (type pdf)
<use ./images/capa_dissertacao.pdf, page 1>
Package pdftex.def Info: ./images/capa_dissertacao.pdf , page1 used on input line 14.
(pdftex.def)             Requested size: 597.50682pt x 845.04504pt.
File: ./images/capa_dissertacao.pdf Graphic file (type pdf)
<use ./images/capa_dissertacao.pdf, page 1>
Package pdftex.def Info: ./images/capa_dissertacao.pdf , page1 used on input line 14.
(pdftex.def)             Requested size: 562.12285pt x 795.00201pt.
File: ./images/capa_dissertacao.pdf Graphic file (type pdf)
<use ./images/capa_dissertacao.pdf, page 1>
Package pdftex.def Info: ./images/capa_dissertacao.pdf , page1 used on input line 14.
(pdftex.def)             Requested size: 562.12285pt x 795.00201pt.
File: ./images/capa_dissertacao.pdf Graphic file (type pdf)
<use ./images/capa_dissertacao.pdf, page 1>
Package pdftex.def Info: ./images/capa_dissertacao.pdf , page1 used on input line 14.
(pdftex.def)             Requested size: 562.12285pt x 795.00201pt.
File: ./images/capa_dissertacao.pdf Graphic file (type pdf)
<use ./images/capa_dissertacao.pdf, page 1>
Package pdftex.def Info: ./images/capa_dissertacao.pdf , page1 used on input line 14.
(pdftex.def)             Requested size: 562.12285pt x 795.00201pt.
[1

 <./images/capa_dissertacao.pdf{/usr/local/texlive/2022/texmf-var/fonts/map/pdftex/updmap/pdftex.map}>]
Underfull \hbox (badness 10000) in paragraph at lines 17--28

 []


Underfull \hbox (badness 10000) in paragraph at lines 17--28

 []


Underfull \hbox (badness 10000) in paragraph at lines 17--28

 []


Underfull \hbox (badness 10000) in paragraph at lines 17--28

 []


Underfull \hbox (badness 10000) in paragraph at lines 17--28

 []

[1]

/Users/barouki/Downloads/PV/main.tex:29: LaTeX Error: There's no line here to end.

See the LaTeX manual or LaTeX Companion for explanation.
Type  H <return>  for immediate help.
 ...                                              
                                                  
l.29 
     
Your command was ignored.
Type  I <command> <return>  to replace it with another command,
or  <return>  to continue without it.


Underfull \hbox (badness 10000) in paragraph at lines 31--42

 []


Underfull \hbox (badness 10000) in paragraph at lines 31--42

 []


Underfull \hbox (badness 10000) in paragraph at lines 31--42

 []


Underfull \hbox (badness 10000) in paragraph at lines 31--42

 []


Underfull \hbox (badness 10000) in paragraph at lines 31--42

 []


Overfull \hbox (5.25069pt too wide) in paragraph at lines 31--42
\OT1/cmr/m/n/10 Pre-cis~ao, Con-fi-a-bil-i-dade, Pol^^S^^Pticas gov-er-na-men-tais, In-cen-tivos, En-er-gia renov^^Savel,
 []

[1]
No file main.toc.
\tf@toc=\write3
\openout3 = `main.toc'.

[2

]
Underfull \hbox (badness 10000) in paragraph at lines 46--57

 []


Underfull \hbox (badness 10000) in paragraph at lines 46--57

 []


Underfull \hbox (badness 10000) in paragraph at lines 46--57

 []


Underfull \hbox (badness 10000) in paragraph at lines 46--57

 []


Underfull \hbox (badness 10000) in paragraph at lines 46--57

 []

[3]
Chapter 1.

Underfull \hbox (badness 10000) in paragraph at lines 58--69

 []


Underfull \hbox (badness 10000) in paragraph at lines 58--69

 []


Underfull \hbox (badness 10000) in paragraph at lines 58--69

 []


Underfull \hbox (badness 10000) in paragraph at lines 58--69

 []


Underfull \hbox (badness 10000) in paragraph at lines 58--69

 []

[4

] [5]
Chapter 2.

Overfull \hbox (24.88582pt too wide) in paragraph at lines 70--74
[]
 []


Underfull \hbox (badness 10000) in paragraph at lines 70--74

 []


Overfull \hbox (24.88582pt too wide) in paragraph at lines 70--74
[] 
 []

[6

]
Underfull \hbox (badness 10000) in paragraph at lines 76--77

 []


Overfull \hbox (12.84787pt too wide) in paragraph at lines 77--77
[]\OT1/cmr/bx/n/14.4 Current Ad-vances in Pho-to-voltaic Panel Tech-
 []


Underfull \hbox (badness 10000) in paragraph at lines 78--81

 []


LaTeX Warning: Citation `CAPV' on page 7 undefined on input line 84.


LaTeX Warning: Citation `GSA' on page 7 undefined on input line 89.


Underfull \hbox (badness 10000) in paragraph at lines 82--90

 []


Underfull \hbox (badness 10000) in paragraph at lines 82--90

 []


Underfull \hbox (badness 10000) in paragraph at lines 82--90

 []


Underfull \hbox (badness 10000) in paragraph at lines 82--90

 []

[7]
Overfull \hbox (3.20558pt too wide) in paragraph at lines 90--90
[]\OT1/cmr/bx/n/12 Recent De-vel-op-ment on Pho-to-voltaic Pa-ram-e-ters Es-
 []


LaTeX Warning: Citation `RDPP' on page 8 undefined on input line 93.


Underfull \hbox (badness 10000) in paragraph at lines 91--94

 []


LaTeX Warning: Citation `PVCS' on page 8 undefined on input line 97.


Underfull \hbox (badness 10000) in paragraph at lines 95--98

 []


LaTeX Warning: Citation `SANPV' on page 8 undefined on input line 99.

[8]

LaTeX Warning: Citation `MLPV1' on page 9 undefined on input line 103.


LaTeX Warning: Citation `MLPV2' on page 9 undefined on input line 103.


LaTeX Warning: Citation `MLPV' on page 9 undefined on input line 105.


Underfull \hbox (badness 10000) in paragraph at lines 101--106

 []


Underfull \hbox (badness 10000) in paragraph at lines 101--106

 []


Overfull \hbox (3.40808pt too wide) in paragraph at lines 101--106
\OT1/cmr/m/n/10 the de-sign and op-er-a-tion of pho-to-voltaic sys-tems. For in-stance, ma-chine learning-
 []

LaTeX Font Info:    External font `cmex10' loaded for size
(Font)              <7> on input line 108.
LaTeX Font Info:    External font `cmex10' loaded for size
(Font)              <5> on input line 108.

LaTeX Warning: Citation `MLPV' on page 9 undefined on input line 111.

<./images//light.png, id=70, 656.4525pt x 346.29375pt>
File: ./images//light.png Graphic file (type png)
<use ./images//light.png>
Package pdftex.def Info: ./images//light.png  used on input line 115.
(pdftex.def)             Requested size: 341.4374pt x 99.58244pt.

LaTeX Warning: Citation `fig1' on page 9 undefined on input line 116.


LaTeX Warning: Citation `fig1' on page 9 undefined on input line 116.


LaTeX Warning: Citation `CAPV' on page 9 undefined on input line 123.


Underfull \hbox (badness 10000) in paragraph at lines 108--124

 []


Underfull \hbox (badness 10000) in paragraph at lines 108--124

 []


Underfull \hbox (badness 10000) in paragraph at lines 108--124

 []

[9] [10 <./images//light.png>]

LaTeX Warning: Citation `atom' on page 11 undefined on input line 127.


Underfull \hbox (badness 10000) in paragraph at lines 127--130

 []

[11]
<./images//semiconductors.png, id=85, 451.6875pt x 324.46219pt>
File: ./images//semiconductors.png Graphic file (type png)
<use ./images//semiconductors.png>
Package pdftex.def Info: ./images//semiconductors.png  used on input line 133.
(pdftex.def)             Requested size: 341.45273pt x 170.7165pt.


LaTeX Warning: Citation `semfig' on page 12 undefined on input line 134.


LaTeX Warning: Citation `semfig' on page 12 undefined on input line 134.


LaTeX Warning: Citation `texbook' on page 12 undefined on input line 146.


LaTeX Warning: Citation `texbook2' on page 12 undefined on input line 148.


Underfull \hbox (badness 10000) in paragraph at lines 137--149

 []


Underfull \hbox (badness 10000) in paragraph at lines 137--149

 []


Underfull \hbox (badness 10000) in paragraph at lines 137--149

 []


Underfull \hbox (badness 10000) in paragraph at lines 137--149

 []


Underfull \hbox (badness 10000) in paragraph at lines 137--149

 []

[12 <./images//semiconductors.png>]

LaTeX Warning: Citation `texbook3' on page 13 undefined on input line 151.


LaTeX Warning: Citation `bib1' on page 13 undefined on input line 164.

<./images//pnj.png, id=89, 328.22626pt x 174.6525pt>
File: ./images//pnj.png Graphic file (type png)
<use ./images//pnj.png>
Package pdftex.def Info: ./images//pnj.png  used on input line 168.
(pdftex.def)             Requested size: 213.89044pt x 113.81102pt.

LaTeX Warning: Citation `kalogiroubook' on page 13 undefined on input line 169.


LaTeX Warning: Citation `kalogiroubook' on page 13 undefined on input line 169.


Underfull \hbox (badness 10000) in paragraph at lines 158--174

 []


Underfull \hbox (badness 10000) in paragraph at lines 158--174

 []


Underfull \hbox (badness 10000) in paragraph at lines 158--174

 []

[13]
<./images//phe.png, id=93, 433.62pt x 442.65375pt>
File: ./images//phe.png Graphic file (type png)
<use ./images//phe.png>
Package pdftex.def Info: ./images//phe.png  used on input line 181.
(pdftex.def)             Requested size: 199.16988pt x 199.17207pt.


LaTeX Warning: Citation `kalogiroubook' on page 14 undefined on input line 182.


LaTeX Warning: Citation `kalogiroubook' on page 14 undefined on input line 182.


Underfull \hbox (badness 10000) in paragraph at lines 175--189

 []


Underfull \hbox (badness 10000) in paragraph at lines 175--189

 []


Underfull \hbox (badness 10000) in paragraph at lines 175--189

 []

[14 <./images//pnj.png>] [15 <./images//phe.png>]
Underfull \hbox (badness 10000) in paragraph at lines 193--196

 []

<./images//fivep.png, id=102, 1130.2225pt x 422.57875pt>
File: ./images//fivep.png Graphic file (type png)
<use ./images//fivep.png>
Package pdftex.def Info: ./images//fivep.png  used on input line 200.
(pdftex.def)             Requested size: 341.43204pt x 113.80762pt.

LaTeX Warning: Citation `mughalpaper' on page 16 undefined on input line 201.


LaTeX Warning: Citation `mughalpaper' on page 16 undefined on input line 201.


LaTeX Warning: `!h' float specifier changed to `!ht'.

[16]
Underfull \hbox (badness 10000) in paragraph at lines 205--209

 []


LaTeX Warning: Command \textquoteright invalid in math mode on input line 218.

/Users/barouki/Downloads/PV/main.tex:223: Missing $ inserted.
<inserted text> 
                $
l.223 ...item q : electronic charge = 1.602 \times
                                                   $10^{-19}$ J/V
I've inserted a begin-math/end-math symbol since I think
you left one out. Proceed, with fingers crossed.

/Users/barouki/Downloads/PV/main.tex:223: Missing $ inserted.
<inserted text> 
                $
l.223 ...q : electronic charge = 1.602 \times $10^
                                                  {-19}$ J/V
I've inserted a begin-math/end-math symbol since I think
you left one out. Proceed, with fingers crossed.

[17 <./images//fivep.png>]

LaTeX Warning: Citation `NRM' on page 18 undefined on input line 236.


/Users/barouki/Downloads/PV/main.tex:239: LaTeX Error: Unicode character − (U+2212)
               not set up for use with LaTeX.

See the LaTeX manual or LaTeX Companion for explanation.
Type  H <return>  for immediate help.
 ...                                              
                                                  
l.239 expansion in (x -−
                           $x_{0}$) given below:\\
You may provide a definition with
\DeclareUnicodeCharacter 


Underfull \hbox (badness 10000) in paragraph at lines 236--240

 []


Underfull \hbox (badness 10000) in paragraph at lines 236--240

 []


LaTeX Warning: Citation `nr2' on page 18 undefined on input line 244.

<./images//d.png, id=116, 351.3125pt x 321.2pt>
File: ./images//d.png Graphic file (type png)
<use ./images//d.png>
Package pdftex.def Info: ./images//d.png  used on input line 261.
(pdftex.def)             Requested size: 256.09682pt x 113.8087pt.

LaTeX Warning: Citation `nr2' on page 18 undefined on input line 262.


LaTeX Warning: Citation `nr2' on page 18 undefined on input line 262.


LaTeX Warning: `!h' float specifier changed to `!ht'.

[18]
<./images//IV.png, id=120, 534.99875pt x 410.53375pt>
File: ./images//IV.png Graphic file (type png)
<use ./images//IV.png>
Package pdftex.def Info: ./images//IV.png  used on input line 271.
(pdftex.def)             Requested size: 256.08626pt x 113.80856pt.

Underfull \hbox (badness 10000) in paragraph at lines 276--282

 []


Underfull \hbox (badness 10000) in paragraph at lines 276--282

 []

[19 <./images//d.png> <./images//IV.png>]
<./images//PV.png, id=126, 1262.7175pt x 485.815pt>
File: ./images//PV.png Graphic file (type png)
<use ./images//PV.png>
Package pdftex.def Info: ./images//PV.png  used on input line 298.
(pdftex.def)             Requested size: 256.06497pt x 113.81071pt.
<./images//test.pdf, id=127, 903.375pt x 301.125pt>
File: ./images//test.pdf Graphic file (type pdf)
<use ./images//test.pdf>
Package pdftex.def Info: ./images//test.pdf  used on input line 311.
(pdftex.def)             Requested size: 256.07233pt x 113.81297pt.
 [20 <./images//PV.png>]
<./images//sd.pdf, id=132, 903.375pt x 301.125pt>
File: ./images//sd.pdf Graphic file (type pdf)
<use ./images//sd.pdf>
Package pdftex.def Info: ./images//sd.pdf  used on input line 321.
(pdftex.def)             Requested size: 256.07233pt x 113.81297pt.
 [21 <./images//test.pdf> <./images//sd.pdf>]

LaTeX Warning: Citation `texbook4' on page 22 undefined on input line 331.


Underfull \hbox (badness 10000) in paragraph at lines 326--332

 []

<./images//ADC.png, id=138, 231.86626pt x 271.0125pt>
File: ./images//ADC.png Graphic file (type png)
<use ./images//ADC.png>
Package pdftex.def Info: ./images//ADC.png  used on input line 337.
(pdftex.def)             Requested size: 170.7186pt x 227.62825pt.
[22 <./images//ADC.png>]
Underfull \hbox (badness 10000) in paragraph at lines 346--347

 []

<./images//SRIV.pdf, id=143, 903.375pt x 301.125pt>
File: ./images//SRIV.pdf Graphic file (type pdf)
<use ./images//SRIV.pdf>
Package pdftex.def Info: ./images//SRIV.pdf  used on input line 350.
(pdftex.def)             Requested size: 170.70569pt x 113.81297pt.
<./images//SRPV.pdf, id=144, 903.375pt x 301.125pt>
File: ./images//SRPV.pdf Graphic file (type pdf)
<use ./images//SRPV.pdf>
Package pdftex.def Info: ./images//SRPV.pdf  used on input line 352.
(pdftex.def)             Requested size: 170.70569pt x 113.81297pt.
[23 <./images//SRIV.pdf> <./images//SRPV.pdf>]
<./images//newIV.pdf, id=152, 903.375pt x 301.125pt>
File: ./images//newIV.pdf Graphic file (type pdf)
<use ./images//newIV.pdf>
Package pdftex.def Info: ./images//newIV.pdf  used on input line 370.
(pdftex.def)             Requested size: 170.70569pt x 113.81297pt.
<./images//newPV.pdf, id=153, 903.375pt x 301.125pt>
File: ./images//newPV.pdf Graphic file (type pdf)
<use ./images//newPV.pdf>
Package pdftex.def Info: ./images//newPV.pdf  used on input line 372.
(pdftex.def)             Requested size: 170.70569pt x 113.81297pt.
 [24 <./images//newIV.pdf> <./images//newPV.pdf>]
<./images//RshIV.pdf, id=159, 903.375pt x 301.125pt>
File: ./images//RshIV.pdf Graphic file (type pdf)
<use ./images//RshIV.pdf>
Package pdftex.def Info: ./images//RshIV.pdf  used on input line 389.
(pdftex.def)             Requested size: 170.70569pt x 113.81297pt.
<./images//RshPV.pdf, id=160, 903.375pt x 301.125pt>
File: ./images//RshPV.pdf Graphic file (type pdf)
<use ./images//RshPV.pdf>
Package pdftex.def Info: ./images//RshPV.pdf  used on input line 391.
(pdftex.def)             Requested size: 170.70569pt x 113.81297pt.

/Users/barouki/Downloads/PV/main.tex:400: Undefined control sequence.
l.400     \itemIn
                  both the current-voltage (I-V) and power-voltage (P-V) cur...
The control sequence at the end of the top line
of your error message was never \def'ed. If you have
misspelled it (e.g., `\hobx'), type `I' and the correct
spelling (e.g., `I\hbox'). Otherwise just continue,
and I'll forget about whatever was undefined.

<./images//IsIV.pdf, id=161, 903.375pt x 301.125pt>
File: ./images//IsIV.pdf Graphic file (type pdf)
<use ./images//IsIV.pdf>
Package pdftex.def Info: ./images//IsIV.pdf  used on input line 409.
(pdftex.def)             Requested size: 170.70569pt x 113.81297pt.
<./images//IsPV.pdf, id=162, 903.375pt x 301.125pt>
File: ./images//IsPV.pdf Graphic file (type pdf)
<use ./images//IsPV.pdf>
Package pdftex.def Info: ./images//IsPV.pdf  used on input line 411.
(pdftex.def)             Requested size: 170.70569pt x 113.81297pt.

LaTeX Warning: `!h' float specifier changed to `!ht'.

[25 <./images//RshIV.pdf> <./images//RshPV.pdf>]
Underfull \hbox (badness 10000) in paragraph at lines 427--428

 []

[26 <./images//IsIV.pdf> <./images//IsPV.pdf>]
Underfull \hbox (badness 10000) in paragraph at lines 429--430

 []

File: ./images//fivep.png Graphic file (type png)
<use ./images//fivep.png>
Package pdftex.def Info: ./images//fivep.png  used on input line 434.
(pdftex.def)             Requested size: 227.60986pt x 85.35893pt.

LaTeX Warning: Citation `kalogiroubook' on page 27 undefined on input line 435.


LaTeX Warning: Citation `kalogiroubook' on page 27 undefined on input line 435.


Underfull \hbox (badness 10000) in paragraph at lines 456--460

 []

<./images//sevenp.png, id=173, 1138.2525pt x 382.42876pt>
File: ./images//sevenp.png Graphic file (type png)
<use ./images//sevenp.png>
Package pdftex.def Info: ./images//sevenp.png  used on input line 463.
(pdftex.def)             Requested size: 227.61172pt x 85.35417pt.

LaTeX Warning: Citation `kalogiroubook' on page 27 undefined on input line 464.


LaTeX Warning: Citation `kalogiroubook' on page 27 undefined on input line 464.

[27]
Underfull \hbox (badness 10000) in paragraph at lines 467--471

 []


Underfull \hbox (badness 10000) in paragraph at lines 467--471

 []


LaTeX Warning: Citation `texbook6' on page 28 undefined on input line 491.

[28 <./images//sevenp.png>]
Underfull \hbox (badness 10000) in paragraph at lines 514--521

 []


Underfull \hbox (badness 10000) in paragraph at lines 514--521

 []


Underfull \hbox (badness 10000) in paragraph at lines 514--521

 []

[29] [30] [31] [32]
<./images//rowsdata.png, id=195, 921.4425pt x 122.4575pt>
File: ./images//rowsdata.png Graphic file (type png)
<use ./images//rowsdata.png>
Package pdftex.def Info: ./images//rowsdata.png  used on input line 595.
(pdftex.def)             Requested size: 426.77913pt x 85.36089pt.

Overfull \hbox (81.77913pt too wide) in paragraph at lines 595--597
 [][] 
 []


Underfull \hbox (badness 10000) in paragraph at lines 590--598

 []

[33 <./images//rowsdata.png>]
<./images//map.png, id=200, 534.99875pt x 376.40625pt>
File: ./images//map.png Graphic file (type png)
<use ./images//map.png>
Package pdftex.def Info: ./images//map.png  used on input line 609.
(pdftex.def)             Requested size: 369.90056pt x 227.62596pt.

Overfull \hbox (24.90056pt too wide) in paragraph at lines 609--610
 [][] 
 []


Underfull \hbox (badness 10000) in paragraph at lines 606--614

 []

[34 <./images//map.png>]
Underfull \hbox (badness 10000) in paragraph at lines 630--631

 []

[35]
Chapter 3.

Overfull \hbox (24.88582pt too wide) in paragraph at lines 632--636
[]
 []


Underfull \hbox (badness 10000) in paragraph at lines 632--636

 []


Overfull \hbox (24.88582pt too wide) in paragraph at lines 632--636
[] 
 []

[36

]
Underfull \hbox (badness 10000) in paragraph at lines 638--639

 []


LaTeX Warning: Citation `Smith2018' on page 37 undefined on input line 641.


LaTeX Warning: Citation `Doe2017' on page 37 undefined on input line 643.


Underfull \hbox (badness 10000) in paragraph at lines 639--646

 []


Underfull \hbox (badness 10000) in paragraph at lines 639--646

 []


Underfull \hbox (badness 10000) in paragraph at lines 639--646

 []

[37]
<./images//esp32.png, id=216, 534.99875pt x 674.52pt>
File: ./images//esp32.png Graphic file (type png)
<use ./images//esp32.png>
Package pdftex.def Info: ./images//esp32.png  used on input line 655.
(pdftex.def)             Requested size: 142.2638pt x 227.61494pt.
<./images//Breadboard.jpeg, id=217, 642.4pt x 481.8pt>
File: ./images//Breadboard.jpeg Graphic file (type jpg)
<use ./images//Breadboard.jpeg>
Package pdftex.def Info: ./images//Breadboard.jpeg  used on input line 662.
(pdftex.def)             Requested size: 227.6174pt x 142.26208pt.
 [38 <./images//esp32.png> <./images//Breadboard.jpeg>]
<./images//gps.png, id=222, 396.48125pt x 441.65pt>
File: ./images//gps.png Graphic file (type png)
<use ./images//gps.png>
Package pdftex.def Info: ./images//gps.png  used on input line 669.
(pdftex.def)             Requested size: 227.62405pt x 142.26086pt.

Underfull \hbox (badness 10000) in paragraph at lines 666--673

 []

<./images//temper.png, id=223, 634.37pt x 563.10374pt>
File: ./images//temper.png Graphic file (type png)
<use ./images//temper.png>
Package pdftex.def Info: ./images//temper.png  used on input line 676.
(pdftex.def)             Requested size: 227.618pt x 142.26204pt.

Underfull \hbox (badness 10000) in paragraph at lines 673--680

 []


Underfull \hbox (badness 10000) in paragraph at lines 673--680

 []

<./images//BGT-FS1.png, id=224, 697.60625pt x 708.6475pt>
File: ./images//BGT-FS1.png Graphic file (type png)
<use ./images//BGT-FS1.png>
Package pdftex.def Info: ./images//BGT-FS1.png  used on input line 684.
(pdftex.def)             Requested size: 227.62413pt x 142.25682pt.

Underfull \hbox (badness 10000) in paragraph at lines 681--688

 []

[39 <./images//gps.png> <./images//temper.png>] [40 <./images//BGT-FS1.png>]
<./images//website.png, id=234, 805.0075pt x 705.63625pt>
File: ./images//website.png Graphic file (type png)
<use ./images//website.png>
Package pdftex.def Info: ./images//website.png  used on input line 695.
(pdftex.def)             Requested size: 341.42966pt x 199.17033pt.


LaTeX Warning: Citation `uav' on page 41 undefined on input line 696.


LaTeX Warning: Citation `uav' on page 41 undefined on input line 696.


Underfull \hbox (badness 10000) in paragraph at lines 699--703

 []

[41 <./images//website.png>]

LaTeX Warning: Citation `q' on page 42 undefined on input line 722.


LaTeX Warning: Float too large for page by 55.98882pt on input line 783.


LaTeX Warning: Citation `am0' on page 42 undefined on input line 794.

[42] [43]
Underfull \hbox (badness 10000) in paragraph at lines 852--855

 []

[44] [45]
Overfull \hbox (5.38899pt too wide) in paragraph at lines 868--869
[]\OT1/cmr/bx/n/10 AmbientTemp\OT1/cmr/m/n/10 : The am-bi-ent tem-per-a-ture of the data, stored as a floating-
 []

[46]
Chapter 4.

Overfull \hbox (24.88582pt too wide) in paragraph at lines 877--879
[]
 []


Underfull \hbox (badness 10000) in paragraph at lines 877--879

 []


Overfull \hbox (24.88582pt too wide) in paragraph at lines 886--888
[] 
 []

[47

]
Underfull \hbox (badness 10000) in paragraph at lines 890--891

 []


Underfull \hbox (badness 10000) in paragraph at lines 892--895

 []

<info.png, id=260, 29.81137pt x 29.81137pt>
File: info.png Graphic file (type png)
<use info.png>
Package pdftex.def Info: info.png  used on input line 899.
(pdftex.def)             Requested size: 227.73189pt x 227.73189pt.

Underfull \hbox (badness 10000) in paragraph at lines 896--907

 []


Underfull \hbox (badness 10000) in paragraph at lines 896--907

 []


LaTeX Warning: `!h' float specifier changed to `!ht'.

[48] [49 </usr/local/texlive/2022/texmf-dist/tex/latex/notes/info.png (PNG copy)>]
/Users/barouki/Downloads/PV/main.tex:927: Missing $ inserted.
<inserted text> 
                $
l.927     \item lower bound = Q1 - 1.5 \times
                                              IQR
I've inserted a begin-math/end-math symbol since I think
you left one out. Proceed, with fingers crossed.


/Users/barouki/Downloads/PV/main.tex:928: LaTeX Error: Command \item invalid in math mode.

See the LaTeX manual or LaTeX Companion for explanation.
Type  H <return>  for immediate help.
 ...                                              
                                                  
l.928     \item
                upper bound = Q3 + 1.5 \times IQR
Try typing  <return>  to proceed.
If that doesn't work, type  X <return>  to quit.


/Users/barouki/Downloads/PV/main.tex:928: LaTeX Error: Something's wrong--perhaps a missing \item.

See the LaTeX manual or LaTeX Companion for explanation.
Type  H <return>  for immediate help.
 ...                                              
                                                  
l.928     \item u
                 pper bound = Q3 + 1.5 \times IQR
Try typing  <return>  to proceed.
If that doesn't work, type  X <return>  to quit.


/Users/barouki/Downloads/PV/main.tex:928: LaTeX Error: Something's wrong--perhaps a missing \item.

See the LaTeX manual or LaTeX Companion for explanation.
Type  H <return>  for immediate help.
 ...                                              
                                                  
l.928     \item u
                 pper bound = Q3 + 1.5 \times IQR
Try typing  <return>  to proceed.
If that doesn't work, type  X <return>  to quit.


/Users/barouki/Downloads/PV/main.tex:929: LaTeX Error: Command \end{itemize} invalid in math mode.

See the LaTeX manual or LaTeX Companion for explanation.
Type  H <return>  for immediate help.
 ...                                              
                                                  
l.929 \end{itemize}
                   
Try typing  <return>  to proceed.
If that doesn't work, type  X <return>  to quit.


/Users/barouki/Downloads/PV/main.tex:929: LaTeX Error: Something's wrong--perhaps a missing \item.

See the LaTeX manual or LaTeX Companion for explanation.
Type  H <return>  for immediate help.
 ...                                              
                                                  
l.929 \end{itemize}
                   
Try typing  <return>  to proceed.
If that doesn't work, type  X <return>  to quit.


/Users/barouki/Downloads/PV/main.tex:929: LaTeX Error: Something's wrong--perhaps a missing \item.

See the LaTeX manual or LaTeX Companion for explanation.
Type  H <return>  for immediate help.
 ...                                              
                                                  
l.929 \end{itemize}
                   
Try typing  <return>  to proceed.
If that doesn't work, type  X <return>  to quit.

/Users/barouki/Downloads/PV/main.tex:929: Missing $ inserted.
<inserted text> 
                $
l.929 \end{itemize}
                   
I've inserted something that you may have forgotten.
(See the <inserted text> above.)
With luck, this will get me unwedged. But if you
really didn't forget anything, try typing `2' now; then
my insertion and my current dilemma will both disappear.

<./images//describe.png, id=267, 1023.825pt x 205.76875pt>
File: ./images//describe.png Graphic file (type png)
<use ./images//describe.png>
Package pdftex.def Info: ./images//describe.png  used on input line 935.
(pdftex.def)             Requested size: 398.33717pt x 113.81052pt.

Overfull \hbox (53.33717pt too wide) in paragraph at lines 935--936
 [][] 
 []


Underfull \hbox (badness 10000) in paragraph at lines 927--941

 []


Underfull \hbox (badness 10000) in paragraph at lines 927--941

 []

[50 <./images//describe.png>] [51]
<./images//123.png, id=275, 405.515pt x 565.11125pt>
File: ./images//123.png Graphic file (type png)
<use ./images//123.png>
Package pdftex.def Info: ./images//123.png  used on input line 952.
(pdftex.def)             Requested size: 341.44084pt x 512.19116pt.

Underfull \hbox (badness 10000) in paragraph at lines 943--954

 []


Underfull \hbox (badness 10000) in paragraph at lines 943--954

 []


Underfull \hbox (badness 10000) in paragraph at lines 943--954

 []

[52] [53 <./images//123.png>]
Underfull \hbox (badness 10000) in paragraph at lines 954--957

 []

<./images//corr.png, id=284, 546.04pt x 458.71375pt>
File: ./images//corr.png Graphic file (type png)
<use ./images//corr.png>
Package pdftex.def Info: ./images//corr.png  used on input line 965.
(pdftex.def)             Requested size: 284.52567pt x 165.02483pt.

LaTeX Warning: `!h' float specifier changed to `!ht'.

<./images//count.png, id=285, 204.765pt x 180.675pt>
File: ./images//count.png Graphic file (type png)
<use ./images//count.png>
Package pdftex.def Info: ./images//count.png  used on input line 976.
(pdftex.def)             Requested size: 227.6355pt x 184.94493pt.

Underfull \hbox (badness 10000) in paragraph at lines 969--979

 []


Underfull \hbox (badness 10000) in paragraph at lines 969--979

 []

[54] [55 <./images//corr.png> <./images//count.png>]
<./images//1234.png, id=294, 538.01pt x 573.14125pt>
File: ./images//1234.png Graphic file (type png)
<use ./images//1234.png>
Package pdftex.def Info: ./images//1234.png  used on input line 987.
(pdftex.def)             Requested size: 341.43553pt x 341.43867pt.

Underfull \hbox (badness 10000) in paragraph at lines 980--989

 []


Underfull \hbox (badness 10000) in paragraph at lines 980--989

 []


Underfull \hbox (badness 10000) in paragraph at lines 980--989

 []

[56 <./images//1234.png>]
<./images//polycorr.png, id=299, 333.245pt x 205.76875pt>
File: ./images//polycorr.png Graphic file (type png)
<use ./images//polycorr.png>
Package pdftex.def Info: ./images//polycorr.png  used on input line 996.
(pdftex.def)             Requested size: 199.17053pt x 142.26315pt.

Underfull \hbox (badness 10000) in paragraph at lines 989--1002

 []


Underfull \hbox (badness 10000) in paragraph at lines 989--1002

 []


Underfull \hbox (badness 10000) in paragraph at lines 989--1002

 []

<./images//mv.png, id=300, 139.52126pt x 189.70876pt>
File: ./images//mv.png Graphic file (type png)
<use ./images//mv.png>
Package pdftex.def Info: ./images//mv.png  used on input line 1006.
(pdftex.def)             Requested size: 170.72235pt x 156.49428pt.

Underfull \hbox (badness 10000) in paragraph at lines 1003--1012

 []

[57 <./images//polycorr.png>]
<./images//1111.png, id=305, 570.13pt x 617.30624pt>
File: ./images//1111.png Graphic file (type png)
<use ./images//1111.png>
Package pdftex.def Info: ./images//1111.png  used on input line 1016.
(pdftex.def)             Requested size: 341.42818pt x 341.44102pt.


LaTeX Warning: `!h' float specifier changed to `!ht'.

[58 <./images//mv.png>]
<./images//2222.png, id=310, 591.20876pt x 606.265pt>
File: ./images//2222.png Graphic file (type png)
<use ./images//2222.png>
Package pdftex.def Info: ./images//2222.png  used on input line 1023.
(pdftex.def)             Requested size: 341.4399pt x 341.43951pt.

Underfull \hbox (badness 10000) in paragraph at lines 1018--1025

 []

[59 <./images//1111.png>] [60 <./images//2222.png>]
<./images//3333.png, id=320, 566.115pt x 578.16pt>
File: ./images//3333.png Graphic file (type png)
<use ./images//3333.png>
Package pdftex.def Info: ./images//3333.png  used on input line 1030.
(pdftex.def)             Requested size: 341.44244pt x 341.42903pt.

Underfull \hbox (badness 10000) in paragraph at lines 1025--1032

 []


LaTeX Warning: `!h' float specifier changed to `!ht'.

[61]
Underfull \hbox (badness 10000) in paragraph at lines 1032--1035

 []

[62 <./images//3333.png>]
Underfull \hbox (badness 10000) in paragraph at lines 1048--1051

 []

[63]
<./images//aaa.png, id=331, 387.4475pt x 263.98625pt>
File: ./images//aaa.png Graphic file (type png)
<use ./images//aaa.png>
Package pdftex.def Info: ./images//aaa.png  used on input line 1057.
(pdftex.def)             Requested size: 341.43962pt x 170.71492pt.
<./images//bbb.png, id=332, 387.4475pt x 248.93pt>
File: ./images//bbb.png Graphic file (type png)
<use ./images//bbb.png>
Package pdftex.def Info: ./images//bbb.png  used on input line 1065.
(pdftex.def)             Requested size: 341.43962pt x 170.72113pt.


LaTeX Warning: `!h' float specifier changed to `!ht'.

[64 <./images//aaa.png>]
<./images//cs.png, id=337, 408.52625pt x 263.98625pt>
File: ./images//cs.png Graphic file (type png)
<use ./images//cs.png>
Package pdftex.def Info: ./images//cs.png  used on input line 1077.
(pdftex.def)             Requested size: 155.24895pt x 100.31984pt.
<./images//sn.png, id=338, 390.45876pt x 263.98625pt>
File: ./images//sn.png Graphic file (type png)
<use ./images//sn.png>
Package pdftex.def Info: ./images//sn.png  used on input line 1082.
(pdftex.def)             Requested size: 155.24895pt x 104.9602pt.
<./images//cf.png, id=339, 1045.9075pt x 946.53625pt>
File: ./images//cf.png Graphic file (type png)
<use ./images//cf.png>
Package pdftex.def Info: ./images//cf.png  used on input line 1091.
(pdftex.def)             Requested size: 398.3427pt x 256.0737pt.

Overfull \hbox (53.3427pt too wide) in paragraph at lines 1091--1092
 [][] 
 []


Underfull \hbox (badness 10000) in paragraph at lines 1069--1098

 []


Underfull \hbox (badness 10000) in paragraph at lines 1069--1098

 []


Underfull \hbox (badness 10000) in paragraph at lines 1069--1098

 []


Underfull \hbox (badness 10000) in paragraph at lines 1069--1098

 []


Underfull \hbox (badness 10000) in paragraph at lines 1069--1098

 []

[65 <./images//bbb.png> <./images//cs.png> <./images//sn.png>] [66 <./images//cf.png>]

LaTeX Warning: Citation `ce' on page 67 undefined on input line 1110.


LaTeX Warning: Citation `scikit-learn' on page 67 undefined on input line 1116.


LaTeX Warning: Citation `scikit-learn' on page 67 undefined on input line 1120.

[67]

LaTeX Warning: Citation `scikit-learn' on page 68 undefined on input line 1124.


LaTeX Warning: Citation `scikit-learn' on page 68 undefined on input line 1128.


LaTeX Warning: Citation `scikit-learn' on page 68 undefined on input line 1136.


LaTeX Warning: Citation `scikit-learn' on page 68 undefined on input line 1137.

[68]

LaTeX Warning: Citation `scikit-learn' on page 69 undefined on input line 1151.


LaTeX Warning: Citation `scikit-learn' on page 69 undefined on input line 1155.


LaTeX Warning: Citation `scikit-learn' on page 69 undefined on input line 1156.


LaTeX Warning: Citation `scikit-learn' on page 69 undefined on input line 1157.


LaTeX Warning: `h' float specifier changed to `ht'.

[69]
Underfull \hbox (badness 10000) in paragraph at lines 1188--1191

 []


Underfull \hbox (badness 10000) in paragraph at lines 1203--1206

 []


LaTeX Warning: `h' float specifier changed to `ht'.


Underfull \hbox (badness 10000) in paragraph at lines 1218--1221

 []

[70]
Underfull \hbox (badness 10000) in paragraph at lines 1234--1237

 []


Underfull \hbox (badness 10000) in paragraph at lines 1249--1252

 []


LaTeX Warning: `h' float specifier changed to `ht'.


Underfull \hbox (badness 10000) in paragraph at lines 1264--1267

 []

[71]
Underfull \hbox (badness 10000) in paragraph at lines 1279--1290

 []


Underfull \hbox (badness 10000) in paragraph at lines 1279--1290

 []


Underfull \hbox (badness 10000) in paragraph at lines 1279--1290

 []


Underfull \hbox (badness 10000) in paragraph at lines 1279--1290

 []


Underfull \hbox (badness 10000) in paragraph at lines 1279--1290

 []

[72]

LaTeX Warning: Citation `scikit-learn' on page 73 undefined on input line 1291.


LaTeX Warning: Citation `scikit-learn' on page 73 undefined on input line 1294.


LaTeX Warning: Citation `scikit-learn' on page 73 undefined on input line 1295.


LaTeX Warning: Citation `scikit-learn' on page 73 undefined on input line 1304.


Underfull \hbox (badness 10000) in paragraph at lines 1306--1320

 []


LaTeX Warning: `h' float specifier changed to `ht'.


LaTeX Warning: Citation `scikit-learn' on page 73 undefined on input line 1322.

[73]

LaTeX Warning: Citation `scikit-learn' on page 74 undefined on input line 1323.


LaTeX Warning: Citation `scikit-learn' on page 74 undefined on input line 1325.


Underfull \hbox (badness 10000) in paragraph at lines 1327--1342

 []


LaTeX Warning: Citation `scikit-learn' on page 74 undefined on input line 1344.

[74]

LaTeX Warning: Citation `scikit-learn' on page 75 undefined on input line 1345.


LaTeX Warning: Citation `scikit-learn' on page 75 undefined on input line 1346.


LaTeX Warning: Citation `scikit-learn' on page 75 undefined on input line 1347.


Underfull \hbox (badness 10000) in paragraph at lines 1349--1364

 []


LaTeX Warning: Citation `scikit-learn' on page 75 undefined on input line 1367.

[75]
Underfull \hbox (badness 10000) in paragraph at lines 1369--1384

 []


LaTeX Warning: Citation `scikit-learn' on page 76 undefined on input line 1387.


Underfull \hbox (badness 10000) in paragraph at lines 1389--1404

 []

[76]

LaTeX Warning: Citation `scikit-learn' on page 77 undefined on input line 1407.


LaTeX Warning: Citation `scikit-learn' on page 77 undefined on input line 1408.


Underfull \hbox (badness 10000) in paragraph at lines 1410--1426

 []


LaTeX Warning: Citation `scikit-learn' on page 77 undefined on input line 1428.


LaTeX Warning: Citation `scikit-learn' on page 77 undefined on input line 1429.

[77]
Underfull \hbox (badness 10000) in paragraph at lines 1432--1445

 []


LaTeX Warning: Citation `scikit-learn' on page 78 undefined on input line 1447.


Underfull \hbox (badness 10000) in paragraph at lines 1449--1461

 []

[78]

LaTeX Warning: Citation `prj' on page 79 undefined on input line 1485.


Underfull \hbox (badness 10000) in paragraph at lines 1481--1486

 []


Underfull \hbox (badness 10000) in paragraph at lines 1481--1486

 []

[79]
Chapter 5.

Overfull \hbox (24.88582pt too wide) in paragraph at lines 1487--1491
[]
 []


Underfull \hbox (badness 10000) in paragraph at lines 1487--1491

 []


Overfull \hbox (24.88582pt too wide) in paragraph at lines 1487--1491
[] 
 []

[80

]
Underfull \hbox (badness 10000) in paragraph at lines 1493--1494

 []

[81] [82]
Underfull \hbox (badness 10000) in paragraph at lines 1519--1522

 []


Underfull \hbox (badness 10000) in paragraph at lines 1519--1522

 []


Underfull \hbox (badness 10000) in paragraph at lines 1523--1528

 []


Underfull \hbox (badness 10000) in paragraph at lines 1523--1528

 []


Underfull \hbox (badness 10000) in paragraph at lines 1523--1528

 []

[83] [84]
Underfull \hbox (badness 10000) in paragraph at lines 1538--1541

 []

[85] [86]
Chapter 6.

Underfull \hbox (badness 10000) in paragraph at lines 1542--1549

 []


Underfull \hbox (badness 10000) in paragraph at lines 1542--1549

 []


Underfull \hbox (badness 10000) in paragraph at lines 1542--1549

 []

/Users/barouki/Downloads/PV/main.tex:1550: Undefined control sequence.
l.1550 \printindex
                  
The control sequence at the end of the top line
of your error message was never \def'ed. If you have
misspelled it (e.g., `\hobx'), type `I' and the correct
spelling (e.g., `I\hbox'). Otherwise just continue,
and I'll forget about whatever was undefined.

[87

] [88

]
/Users/barouki/Downloads/PV/main.tex:1605: Undefined control sequence.
<recently read> \textttt 
                         
l.1605 \\\textttt
                 {https://www.uavforecast.com/}
The control sequence at the end of the top line
of your error message was never \def'ed. If you have
misspelled it (e.g., `\hobx'), type `I' and the correct
spelling (e.g., `I\hbox'). Otherwise just continue,
and I'll forget about whatever was undefined.

[89]
/Users/barouki/Downloads/PV/main.tex:1612: Undefined control sequence.
<recently read> \textttt 
                         
l.1612 \\\textttt
                 {https://towardsdatascience.com/predicting-solar-power-outp...
The control sequence at the end of the top line
of your error message was never \def'ed. If you have
misspelled it (e.g., `\hobx'), type `I' and the correct
spelling (e.g., `I\hbox'). Otherwise just continue,
and I'll forget about whatever was undefined.


Underfull \hbox (badness 10000) in paragraph at lines 1611--1613
\OT1/cmr/m/n/10 https://towardsdatascience.com/predicting-solar-power-output-using-
 []

/Users/barouki/Downloads/PV/main.tex:1616: Undefined control sequence.
<recently read> \textttt 
                         
l.1616 \\\textttt
                 {https://towardsdatascience.com/cyclical-features-encoding-...
The control sequence at the end of the top line
of your error message was never \def'ed. If you have
misspelled it (e.g., `\hobx'), type `I' and the correct
spelling (e.g., `I\hbox'). Otherwise just continue,
and I'll forget about whatever was undefined.


Underfull \hbox (badness 10000) in paragraph at lines 1615--1617
\OT1/cmr/m/n/10 https://towardsdatascience.com/cyclical-features-encoding-its-about-time-
 []

/Users/barouki/Downloads/PV/main.tex:1620: Undefined control sequence.
<recently read> \textttt 
                         
l.1620 \\\textttt
                 {https://scikit-learn.org/stable/}
The control sequence at the end of the top line
of your error message was never \def'ed. If you have
misspelled it (e.g., `\hobx'), type `I' and the correct
spelling (e.g., `I\hbox'). Otherwise just continue,
and I'll forget about whatever was undefined.

[90] (./main.aux)

LaTeX Warning: There were undefined references.


LaTeX Warning: Label(s) may have changed. Rerun to get cross-references right.

 ) 
Here is how much of TeX's memory you used:
 5305 strings out of 478268
 91997 string characters out of 5846348
 388423 words of memory out of 5000000
 23440 multiletter control sequences out of 15000+600000
 473270 words of font info for 41 fonts, out of 8000000 for 9000
 1141 hyphenation exceptions out of 8191
 69i,17n,79p,1651b,429s stack positions out of 10000i,1000n,20000p,200000b,200000s
{/usr/local/texlive/2022/texmf-dist/fonts/enc/dvips/cm-super/cm-super-ts1.enc}</usr/local/texlive/2022/texmf-dist/fonts/type1/public/amsfonts/cm/cmbx10.pfb></usr/local/texlive/2022/texmf-dist/fonts/type1/public/amsfonts/cm/cmbx12.pfb></usr/local/texlive/2022/texmf-dist/fonts/type1/public/amsfonts/cm/cmcsc10.pfb></usr/local/texlive/2022/texmf-dist/fonts/type1/public/amsfonts/cm/cmex10.pfb></usr/local/texlive/2022/texmf-dist/fonts/type1/public/amsfonts/cm/cmmi10.pfb></usr/local/texlive/2022/texmf-dist/fonts/type1/public/amsfonts/cm/cmmi5.pfb></usr/local/texlive/2022/texmf-dist/fonts/type1/public/amsfonts/cm/cmmi7.pfb></usr/local/texlive/2022/texmf-dist/fonts/type1/public/amsfonts/cm/cmr10.pfb></usr/local/texlive/2022/texmf-dist/fonts/type1/public/amsfonts/cm/cmr7.pfb></usr/local/texlive/2022/texmf-dist/fonts/type1/public/amsfonts/cm/cmr8.pfb></usr/local/texlive/2022/texmf-dist/fonts/type1/public/amsfonts/cm/cmss10.pfb></usr/local/texlive/2022/texmf-dist/fonts/type1/public/amsfonts/cm/cmss12.pfb></usr/local/texlive/2022/texmf-dist/fonts/type1/public/amsfonts/cm/cmss17.pfb></usr/local/texlive/2022/texmf-dist/fonts/type1/public/amsfonts/cm/cmssbx10.pfb></usr/local/texlive/2022/texmf-dist/fonts/type1/public/amsfonts/cm/cmsy10.pfb></usr/local/texlive/2022/texmf-dist/fonts/type1/public/amsfonts/cm/cmsy7.pfb></usr/local/texlive/2022/texmf-dist/fonts/type1/public/amsfonts/cm/cmti10.pfb></usr/local/texlive/2022/texmf-dist/fonts/type1/public/cm-super/sfrm1000.pfb>
Output written on main.pdf (92 pages, 11726976 bytes).
PDF statistics:
 495 PDF objects out of 1000 (max. 8388607)
 284 compressed objects within 3 object streams
 0 named destinations out of 1000 (max. 500000)
 241 words of extra memory for PDF output out of 10000 (max. 10000000)

